<?xml version="1.0" encoding="UTF-8"?>
<!-- Generated by org.testng.reporters.JUnitXMLReporter -->
<testsuite ignored="0" hostname="LAPTOP-JKN0P4NV" failures="1" tests="1" name="Surefire test" time="0.028" errors="0" timestamp="2025-04-19T15:32:13 CST">
  <testcase classname="org.apache.commons.lang3Test.ArrayUtilsTestNGTest" name="testAdd" time="0.0">
    <failure type="org.testng.TestNGException" message="
Parameter &amp;apos;originalArray&amp;apos; is required by @Test on method testAdd but has not been marked @Optional or defined
">
      <![CDATA[org.testng.TestNGException: 
Parameter 'originalArray' is required by @Test on method testAdd but has not been marked @Optional or defined

at java.base/java.util.ArrayList.forEach(ArrayList.java:1596)
... Removed 31 stack frames]]>
    </failure>
  </testcase> <!-- testAdd -->
</testsuite> <!-- Surefire test -->
